<?xml version="1.0" encoding="UTF-8"?>
<!-- Generated by org.testng.reporters.JUnitReportReporter -->
<testsuite hostname="Natasha" failures="0" tests="2" name="test.LoginTest" time="10.025" errors="0" timestamp="2020-07-22T20:42:57 GMT+03:00" skipped="0">
  <testcase classname="test.LoginTest" name="emptyFields" time="0.869"/>
  <system-out/>
  <testcase classname="test.LoginTest" name="successfullLogin" time="9.156"/>
  <system-out/>
</testsuite> <!-- test.LoginTest -->
