<?xml version="1.0" encoding="UTF-8"?>
<!-- Generated by org.testng.reporters.JUnitReportReporter -->
<testsuite hostname="Natasha" failures="0" tests="2" name="test.LoginTest" time="5.990" errors="0" timestamp="2020-07-21T22:07:04 GMT+03:00" skipped="0">
  <testcase classname="test.LoginTest" name="emptyFields" time="5.132"/>
  <system-out/>
  <testcase classname="test.LoginTest" name="successfullLogin" time="0.858"/>
  <system-out/>
</testsuite> <!-- test.LoginTest -->
